빌드 시작: 2014-11-08 오후 9:36:53
     1>2 노드의 "C:\Users\SNU\Desktop\StatProject1\StatProject1\encode\encode.vcxproj" 프로젝트(build 대상)입니다.
     1>InitializeBuildStatus:
         "AlwaysCreate"이(가) 지정되었기 때문에 "Debug\encode.unsuccessfulbuild"을(를) 만들고 있습니다.
       ClCompile:
         C:\Program Files (x86)\Microsoft Visual Studio 10.0\VC\bin\CL.exe /c /ZI /nologo /W3 /WX- /Od /Oy- /D WIN32 /D _DEBUG /D _CONSOLE /D _UNICODE /D UNICODE /D _CRT_SECURE_NO_WARNINGS /Gm /EHsc /RTC1 /MDd /GS /fp:precise /Zc:wchar_t /Zc:forScope /Fo"Debug\\" /Fd"Debug\vc100.pdb" /Gd /TC /analyze- /errorReport:prompt encode.c encode_main.c
         encode_main.c
     1>c:\users\snu\desktop\statproject1\statproject1\encode\encode_main.c(17): warning C4305: '초기화 중' : 'double'에서 'float'(으)로 잘립니다.
     1>c:\users\snu\desktop\statproject1\statproject1\encode\encode_main.c(17): warning C4305: '초기화 중' : 'double'에서 'float'(으)로 잘립니다.
     1>c:\users\snu\desktop\statproject1\statproject1\encode\encode_main.c(17): warning C4305: '초기화 중' : 'double'에서 'float'(으)로 잘립니다.
     1>c:\users\snu\desktop\statproject1\statproject1\encode\encode_main.c(17): warning C4305: '초기화 중' : 'double'에서 'float'(으)로 잘립니다.
     1>c:\users\snu\desktop\statproject1\statproject1\encode\encode_main.c(17): warning C4305: '초기화 중' : 'double'에서 'float'(으)로 잘립니다.
     1>c:\users\snu\desktop\statproject1\statproject1\encode\encode_main.c(17): warning C4305: '초기화 중' : 'double'에서 'float'(으)로 잘립니다.
     1>c:\users\snu\desktop\statproject1\statproject1\encode\encode_main.c(17): warning C4305: '초기화 중' : 'double'에서 'float'(으)로 잘립니다.
     1>c:\users\snu\desktop\statproject1\statproject1\encode\encode_main.c(28): warning C4305: '함수' : 'double'에서 'float'(으)로 잘립니다.
     1>c:\users\snu\desktop\statproject1\statproject1\encode\encode_main.c(30): warning C4305: '함수' : 'double'에서 'float'(으)로 잘립니다.
     1>c:\users\snu\desktop\statproject1\statproject1\encode\encode_main.c(32): warning C4305: '함수' : 'double'에서 'float'(으)로 잘립니다.
         encode.c
         코드를 생성하고 있습니다...
       Link:
         C:\Program Files (x86)\Microsoft Visual Studio 10.0\VC\bin\link.exe /ERRORREPORT:PROMPT /OUT:"C:\Users\SNU\Desktop\StatProject1\StatProject1\Debug\encode.exe" /INCREMENTAL /NOLOGO kernel32.lib user32.lib gdi32.lib winspool.lib comdlg32.lib advapi32.lib shell32.lib ole32.lib oleaut32.lib uuid.lib odbc32.lib odbccp32.lib /MANIFEST /ManifestFile:"Debug\encode.exe.intermediate.manifest" /MANIFESTUAC:"level='asInvoker' uiAccess='false'" /DEBUG /PDB:"C:\Users\SNU\Desktop\StatProject1\StatProject1\Debug\encode.pdb" /SUBSYSTEM:CONSOLE /TLBID:1 /DYNAMICBASE /NXCOMPAT /IMPLIB:"C:\Users\SNU\Desktop\StatProject1\StatProject1\Debug\encode.lib" /MACHINE:X86 Debug\encode.obj
         Debug\encode_main.obj
         encode.vcxproj -> C:\Users\SNU\Desktop\StatProject1\StatProject1\Debug\encode.exe
       Manifest:
         C:\Program Files (x86)\Microsoft SDKs\Windows\v7.0A\bin\mt.exe /nologo /verbose /out:"C:\Users\SNU\Desktop\StatProject1\StatProject1\Debug\encode.exe.manifest" /manifest Debug\encode.exe.intermediate.manifest
       FinalizeBuildStatus:
         "Debug\encode.unsuccessfulbuild" 파일을 삭제하고 있습니다.
         "Debug\encode.lastbuildstate"에 연결(touching)하고 있습니다.
     1>"C:\Users\SNU\Desktop\StatProject1\StatProject1\encode\encode.vcxproj" 프로젝트를 빌드했습니다(build 대상).

빌드했습니다.

경과 시간: 00:00:00.37
